Analysis & Synthesis report for main
Mon Dec 18 21:35:35 2023
Quartus Prime Version 21.1.1 Build 850 06/23/2022 SJ Lite Edition


---------------------
; Table of Contents ;
---------------------
  1. Legal Notice
  2. Analysis & Synthesis Summary
  3. Analysis & Synthesis Settings
  4. Parallel Compilation
  5. Analysis & Synthesis Source Files Read
  6. Analysis & Synthesis Resource Usage Summary
  7. Analysis & Synthesis Resource Utilization by Entity
  8. State Machine - |traffic_splitter|ll_state_reg
  9. State Machine - |traffic_splitter|state_reg
 10. General Register Statistics
 11. Multiplexer Restructuring Statistics (Restructuring Performed)
 12. Parameter Settings for User Entity Instance: crc:CRC
 13. Port Connectivity Checks: "crc:CRC"
 14. Post-Synthesis Netlist Statistics for Top Partition
 15. Elapsed Time Per Partition
 16. Analysis & Synthesis Messages



----------------
; Legal Notice ;
----------------
Copyright (C) 2022  Intel Corporation. All rights reserved.
Your use of Intel Corporation's design tools, logic functions 
and other software and tools, and any partner logic 
functions, and any output files from any of the foregoing 
(including device programming or simulation files), and any 
associated documentation or information are expressly subject 
to the terms and conditions of the Intel Program License 
Subscription Agreement, the Intel Quartus Prime License Agreement,
the Intel FPGA IP License Agreement, or other applicable license
agreement, including, without limitation, that your use is for
the sole purpose of programming logic devices manufactured by
Intel and sold by Intel or its authorized distributors.  Please
refer to the applicable agreement for further details, at
https://fpgasoftware.intel.com/eula.



+-------------------------------------------------------------------------------+
; Analysis & Synthesis Summary                                                  ;
+---------------------------------+---------------------------------------------+
; Analysis & Synthesis Status     ; Successful - Mon Dec 18 21:35:34 2023       ;
; Quartus Prime Version           ; 21.1.1 Build 850 06/23/2022 SJ Lite Edition ;
; Revision Name                   ; main                                        ;
; Top-level Entity Name           ; traffic_splitter                            ;
; Family                          ; Cyclone V                                   ;
; Logic utilization (in ALMs)     ; N/A                                         ;
; Total registers                 ; 12237                                       ;
; Total pins                      ; 18                                          ;
; Total virtual pins              ; 0                                           ;
; Total block memory bits         ; 0                                           ;
; Total DSP Blocks                ; 0                                           ;
; Total HSSI RX PCSs              ; 0                                           ;
; Total HSSI PMA RX Deserializers ; 0                                           ;
; Total HSSI TX PCSs              ; 0                                           ;
; Total HSSI PMA TX Serializers   ; 0                                           ;
; Total PLLs                      ; 0                                           ;
; Total DLLs                      ; 0                                           ;
+---------------------------------+---------------------------------------------+


+---------------------------------------------------------------------------------------------------------------------------+
; Analysis & Synthesis Settings                                                                                             ;
+---------------------------------------------------------------------------------+--------------------+--------------------+
; Option                                                                          ; Setting            ; Default Value      ;
+---------------------------------------------------------------------------------+--------------------+--------------------+
; Device                                                                          ; 5CSEMA5F31C6       ;                    ;
; Top-level entity name                                                           ; traffic_splitter   ; main               ;
; Family name                                                                     ; Cyclone V          ; Cyclone V          ;
; VHDL Show LMF Mapping Messages                                                  ; Off                ;                    ;
; VHDL Version                                                                    ; VHDL_2008          ; VHDL_1993          ;
; Use smart compilation                                                           ; Off                ; Off                ;
; Enable parallel Assembler and Timing Analyzer during compilation                ; On                 ; On                 ;
; Enable compact report table                                                     ; Off                ; Off                ;
; Restructure Multiplexers                                                        ; Auto               ; Auto               ;
; MLAB Add Timing Constraints For Mixed-Port Feed-Through Mode Setting Don't Care ; Off                ; Off                ;
; Create Debugging Nodes for IP Cores                                             ; Off                ; Off                ;
; Preserve fewer node names                                                       ; On                 ; On                 ;
; Intel FPGA IP Evaluation Mode                                                   ; Enable             ; Enable             ;
; Verilog Version                                                                 ; Verilog_2001       ; Verilog_2001       ;
; State Machine Processing                                                        ; Auto               ; Auto               ;
; Safe State Machine                                                              ; Off                ; Off                ;
; Extract Verilog State Machines                                                  ; On                 ; On                 ;
; Extract VHDL State Machines                                                     ; On                 ; On                 ;
; Ignore Verilog initial constructs                                               ; Off                ; Off                ;
; Iteration limit for constant Verilog loops                                      ; 5000               ; 5000               ;
; Iteration limit for non-constant Verilog loops                                  ; 250                ; 250                ;
; Add Pass-Through Logic to Inferred RAMs                                         ; On                 ; On                 ;
; Infer RAMs from Raw Logic                                                       ; On                 ; On                 ;
; Parallel Synthesis                                                              ; On                 ; On                 ;
; DSP Block Balancing                                                             ; Auto               ; Auto               ;
; NOT Gate Push-Back                                                              ; On                 ; On                 ;
; Power-Up Don't Care                                                             ; On                 ; On                 ;
; Remove Redundant Logic Cells                                                    ; Off                ; Off                ;
; Remove Duplicate Registers                                                      ; On                 ; On                 ;
; Ignore CARRY Buffers                                                            ; Off                ; Off                ;
; Ignore CASCADE Buffers                                                          ; Off                ; Off                ;
; Ignore GLOBAL Buffers                                                           ; Off                ; Off                ;
; Ignore ROW GLOBAL Buffers                                                       ; Off                ; Off                ;
; Ignore LCELL Buffers                                                            ; Off                ; Off                ;
; Ignore SOFT Buffers                                                             ; On                 ; On                 ;
; Limit AHDL Integers to 32 Bits                                                  ; Off                ; Off                ;
; Optimization Technique                                                          ; Balanced           ; Balanced           ;
; Carry Chain Length                                                              ; 70                 ; 70                 ;
; Auto Carry Chains                                                               ; On                 ; On                 ;
; Auto Open-Drain Pins                                                            ; On                 ; On                 ;
; Perform WYSIWYG Primitive Resynthesis                                           ; Off                ; Off                ;
; Auto ROM Replacement                                                            ; On                 ; On                 ;
; Auto RAM Replacement                                                            ; On                 ; On                 ;
; Auto DSP Block Replacement                                                      ; On                 ; On                 ;
; Auto Shift Register Replacement                                                 ; Auto               ; Auto               ;
; Allow Shift Register Merging across Hierarchies                                 ; Auto               ; Auto               ;
; Auto Clock Enable Replacement                                                   ; On                 ; On                 ;
; Strict RAM Replacement                                                          ; Off                ; Off                ;
; Allow Synchronous Control Signals                                               ; On                 ; On                 ;
; Force Use of Synchronous Clear Signals                                          ; Off                ; Off                ;
; Auto Resource Sharing                                                           ; Off                ; Off                ;
; Allow Any RAM Size For Recognition                                              ; Off                ; Off                ;
; Allow Any ROM Size For Recognition                                              ; Off                ; Off                ;
; Allow Any Shift Register Size For Recognition                                   ; Off                ; Off                ;
; Use LogicLock Constraints during Resource Balancing                             ; On                 ; On                 ;
; Ignore translate_off and synthesis_off directives                               ; Off                ; Off                ;
; Timing-Driven Synthesis                                                         ; On                 ; On                 ;
; Report Parameter Settings                                                       ; On                 ; On                 ;
; Report Source Assignments                                                       ; On                 ; On                 ;
; Report Connectivity Checks                                                      ; On                 ; On                 ;
; Ignore Maximum Fan-Out Assignments                                              ; Off                ; Off                ;
; Synchronization Register Chain Length                                           ; 3                  ; 3                  ;
; Power Optimization During Synthesis                                             ; Normal compilation ; Normal compilation ;
; HDL message level                                                               ; Level2             ; Level2             ;
; Suppress Register Optimization Related Messages                                 ; Off                ; Off                ;
; Number of Removed Registers Reported in Synthesis Report                        ; 5000               ; 5000               ;
; Number of Swept Nodes Reported in Synthesis Report                              ; 5000               ; 5000               ;
; Number of Inverted Registers Reported in Synthesis Report                       ; 100                ; 100                ;
; Clock MUX Protection                                                            ; On                 ; On                 ;
; Auto Gated Clock Conversion                                                     ; Off                ; Off                ;
; Block Design Naming                                                             ; Auto               ; Auto               ;
; SDC constraint protection                                                       ; Off                ; Off                ;
; Synthesis Effort                                                                ; Auto               ; Auto               ;
; Shift Register Replacement - Allow Asynchronous Clear Signal                    ; On                 ; On                 ;
; Pre-Mapping Resynthesis Optimization                                            ; Off                ; Off                ;
; Analysis & Synthesis Message Level                                              ; Medium             ; Medium             ;
; Disable Register Merging Across Hierarchies                                     ; Auto               ; Auto               ;
; Resource Aware Inference For Block RAM                                          ; On                 ; On                 ;
; Automatic Parallel Synthesis                                                    ; On                 ; On                 ;
; Partial Reconfiguration Bitstream ID                                            ; Off                ; Off                ;
+---------------------------------------------------------------------------------+--------------------+--------------------+


+------------------------------------------+
; Parallel Compilation                     ;
+----------------------------+-------------+
; Processors                 ; Number      ;
+----------------------------+-------------+
; Number detected on machine ; 16          ;
; Maximum allowed            ; 12          ;
;                            ;             ;
; Average used               ; 3.35        ;
; Maximum used               ; 12          ;
;                            ;             ;
; Usage by Processor         ; % Time Used ;
;     Processor 1            ; 100.0%      ;
;     Processor 2            ;  27.1%      ;
;     Processor 3            ;  22.6%      ;
;     Processor 4            ;  22.6%      ;
;     Processor 5            ;  22.6%      ;
;     Processor 6            ;  22.5%      ;
;     Processor 7            ;  22.5%      ;
;     Processor 8            ;  21.0%      ;
;     Processor 9            ;  18.5%      ;
;     Processor 10           ;  18.4%      ;
;     Processor 11           ;  18.4%      ;
;     Processor 12           ;  18.4%      ;
+----------------------------+-------------+


+----------------------------------------------------------------------------------------------------------------------+
; Analysis & Synthesis Source Files Read                                                                               ;
+----------------------------------+-----------------+-----------------+-------------------------------------+---------+
; File Name with User-Entered Path ; Used in Netlist ; File Type       ; File Name with Absolute Path        ; Library ;
+----------------------------------+-----------------+-----------------+-------------------------------------+---------+
; ../pkg/util_pkg.vhd              ; yes             ; User VHDL File  ; C:/DPES-L3/pkg/util_pkg.vhd         ;         ;
; ../src/traffic_splitter.vhd      ; yes             ; User VHDL File  ; C:/DPES-L3/src/traffic_splitter.vhd ;         ;
; ../src/crc.vhd                   ; yes             ; User VHDL File  ; C:/DPES-L3/src/crc.vhd              ;         ;
+----------------------------------+-----------------+-----------------+-------------------------------------+---------+


+---------------------------------------------------------+
; Analysis & Synthesis Resource Usage Summary             ;
+---------------------------------------------+-----------+
; Resource                                    ; Usage     ;
+---------------------------------------------+-----------+
; Estimate of Logic utilization (ALMs needed) ; 9055      ;
;                                             ;           ;
; Combinational ALUT usage for logic          ; 6800      ;
;     -- 7 input functions                    ; 209       ;
;     -- 6 input functions                    ; 4823      ;
;     -- 5 input functions                    ; 140       ;
;     -- 4 input functions                    ; 1534      ;
;     -- <=3 input functions                  ; 94        ;
;                                             ;           ;
; Dedicated logic registers                   ; 12237     ;
;                                             ;           ;
; I/O pins                                    ; 18        ;
;                                             ;           ;
; Total DSP Blocks                            ; 0         ;
;                                             ;           ;
; Maximum fan-out node                        ; clk~input ;
; Maximum fan-out                             ; 12237     ;
; Total fan-out                               ; 86432     ;
; Average fan-out                             ; 4.53      ;
+---------------------------------------------+-----------+


+---------------------------------------------------------------------------------------------------------------------------------------------------------------------------------------------------+
; Analysis & Synthesis Resource Utilization by Entity                                                                                                                                               ;
+----------------------------+---------------------+---------------------------+-------------------+------------+------+--------------+---------------------------+------------------+--------------+
; Compilation Hierarchy Node ; Combinational ALUTs ; Dedicated Logic Registers ; Block Memory Bits ; DSP Blocks ; Pins ; Virtual Pins ; Full Hierarchy Name       ; Entity Name      ; Library Name ;
+----------------------------+---------------------+---------------------------+-------------------+------------+------+--------------+---------------------------+------------------+--------------+
; |traffic_splitter          ; 6800 (6773)         ; 12237 (12189)             ; 0                 ; 0          ; 18   ; 0            ; |traffic_splitter         ; traffic_splitter ; work         ;
;    |crc:CRC|               ; 27 (27)             ; 48 (48)                   ; 0                 ; 0          ; 0    ; 0            ; |traffic_splitter|crc:CRC ; crc              ; work         ;
+----------------------------+---------------------+---------------------------+-------------------+------------+------+--------------+---------------------------+------------------+--------------+
Note: For table entries with two numbers listed, the numbers in parentheses indicate the number of resources of the given type used by the specific entity alone. The numbers listed outside of parentheses indicate the total resources of the given type used by the specific entity and all of its sub-entities in the hierarchy.


Encoding Type:  One-Hot
+------------------------------------------------------------------------------------------------------------------------------------------------------------------------------------------------------------------------------+
; State Machine - |traffic_splitter|ll_state_reg                                                                                                                                                                               ;
+------------------------------+-------------------------+--------------------------+-------------------------+-----------------------------+-----------------------------+------------------------------+---------------------+
; Name                         ; ll_state_reg.s_send_crc ; ll_state_reg.s_send_data ; ll_state_reg.s_send_len ; ll_state_reg.s_send_src_mac ; ll_state_reg.s_send_dst_mac ; ll_state_reg.s_send_preamble ; ll_state_reg.s_idle ;
+------------------------------+-------------------------+--------------------------+-------------------------+-----------------------------+-----------------------------+------------------------------+---------------------+
; ll_state_reg.s_idle          ; 0                       ; 0                        ; 0                       ; 0                           ; 0                           ; 0                            ; 0                   ;
; ll_state_reg.s_send_preamble ; 0                       ; 0                        ; 0                       ; 0                           ; 0                           ; 1                            ; 1                   ;
; ll_state_reg.s_send_dst_mac  ; 0                       ; 0                        ; 0                       ; 0                           ; 1                           ; 0                            ; 1                   ;
; ll_state_reg.s_send_src_mac  ; 0                       ; 0                        ; 0                       ; 1                           ; 0                           ; 0                            ; 1                   ;
; ll_state_reg.s_send_len      ; 0                       ; 0                        ; 1                       ; 0                           ; 0                           ; 0                            ; 1                   ;
; ll_state_reg.s_send_data     ; 0                       ; 1                        ; 0                       ; 0                           ; 0                           ; 0                            ; 1                   ;
; ll_state_reg.s_send_crc      ; 1                       ; 0                        ; 0                       ; 0                           ; 0                           ; 0                            ; 1                   ;
+------------------------------+-------------------------+--------------------------+-------------------------+-----------------------------+-----------------------------+------------------------------+---------------------+


Encoding Type:  One-Hot
+---------------------------------------------------------------------------------------------------------------------------------------------------------------------------------------------------------+
; State Machine - |traffic_splitter|state_reg                                                                                                                                                             ;
+-----------------------------+---------------------+-----------------------+----------------------+--------------------------+--------------------------+-----------------------------+------------------+
; Name                        ; state_reg.s_get_crc ; state_reg.s_read_data ; state_reg.s_read_len ; state_reg.s_read_src_mac ; state_reg.s_read_dst_mac ; state_reg.s_detect_preamble ; state_reg.s_idle ;
+-----------------------------+---------------------+-----------------------+----------------------+--------------------------+--------------------------+-----------------------------+------------------+
; state_reg.s_idle            ; 0                   ; 0                     ; 0                    ; 0                        ; 0                        ; 0                           ; 0                ;
; state_reg.s_detect_preamble ; 0                   ; 0                     ; 0                    ; 0                        ; 0                        ; 1                           ; 1                ;
; state_reg.s_read_dst_mac    ; 0                   ; 0                     ; 0                    ; 0                        ; 1                        ; 0                           ; 1                ;
; state_reg.s_read_src_mac    ; 0                   ; 0                     ; 0                    ; 1                        ; 0                        ; 0                           ; 1                ;
; state_reg.s_read_len        ; 0                   ; 0                     ; 1                    ; 0                        ; 0                        ; 0                           ; 1                ;
; state_reg.s_read_data       ; 0                   ; 1                     ; 0                    ; 0                        ; 0                        ; 0                           ; 1                ;
; state_reg.s_get_crc         ; 1                   ; 0                     ; 0                    ; 0                        ; 0                        ; 0                           ; 1                ;
+-----------------------------+---------------------+-----------------------+----------------------+--------------------------+--------------------------+-----------------------------+------------------+


+------------------------------------------------------+
; General Register Statistics                          ;
+----------------------------------------------+-------+
; Statistic                                    ; Value ;
+----------------------------------------------+-------+
; Total registers                              ; 12237 ;
; Number of registers using Synchronous Clear  ; 40    ;
; Number of registers using Synchronous Load   ; 0     ;
; Number of registers using Asynchronous Clear ; 12237 ;
; Number of registers using Asynchronous Load  ; 0     ;
; Number of registers using Clock Enable       ; 12207 ;
; Number of registers using Preset             ; 0     ;
+----------------------------------------------+-------+


+-----------------------------------------------------------------------------------------------------------------------------------------------------+
; Multiplexer Restructuring Statistics (Restructuring Performed)                                                                                      ;
+--------------------+-----------+---------------+----------------------+------------------------+------------+---------------------------------------+
; Multiplexer Inputs ; Bus Width ; Baseline Area ; Area if Restructured ; Saving if Restructured ; Registered ; Example Multiplexer Output            ;
+--------------------+-----------+---------------+----------------------+------------------------+------------+---------------------------------------+
; 6:1                ; 2 bits    ; 8 LEs         ; 8 LEs                ; 0 LEs                  ; No         ; |traffic_splitter|Mux16               ;
; 4:1                ; 2 bits    ; 4 LEs         ; 4 LEs                ; 0 LEs                  ; No         ; |traffic_splitter|Mux37               ;
; 6:1                ; 4 bits    ; 16 LEs        ; 16 LEs               ; 0 LEs                  ; No         ; |traffic_splitter|Mux13               ;
; 1500:1             ; 2 bits    ; 2000 LEs      ; 2000 LEs             ; 0 LEs                  ; No         ; |traffic_splitter|Mux29               ;
; 4:1                ; 2 bits    ; 4 LEs         ; 4 LEs                ; 0 LEs                  ; No         ; |traffic_splitter|Mux35               ;
; 6:1                ; 4 bits    ; 16 LEs        ; 16 LEs               ; 0 LEs                  ; No         ; |traffic_splitter|Mux11               ;
; 1500:1             ; 2 bits    ; 2000 LEs      ; 2000 LEs             ; 0 LEs                  ; No         ; |traffic_splitter|Mux27               ;
; 11:1               ; 3 bits    ; 21 LEs        ; 9 LEs                ; 12 LEs                 ; No         ; |traffic_splitter|ll_state_reg        ;
; 13:1               ; 2 bits    ; 16 LEs        ; 4 LEs                ; 12 LEs                 ; No         ; |traffic_splitter|ll_state_reg        ;
; 13:1               ; 2 bits    ; 16 LEs        ; 4 LEs                ; 12 LEs                 ; No         ; |traffic_splitter|ll_state_reg        ;
; 4:1                ; 2 bits    ; 4 LEs         ; 4 LEs                ; 0 LEs                  ; No         ; |traffic_splitter|Mux39               ;
; 6:1                ; 4 bits    ; 16 LEs        ; 16 LEs               ; 0 LEs                  ; No         ; |traffic_splitter|Mux15               ;
; 1500:1             ; 2 bits    ; 2000 LEs      ; 2000 LEs             ; 0 LEs                  ; No         ; |traffic_splitter|Mux31               ;
; 3:1                ; 32 bits   ; 64 LEs        ; 0 LEs                ; 64 LEs                 ; Yes        ; |traffic_splitter|crc:CRC|crc_reg[11] ;
; 15:1               ; 8 bits    ; 80 LEs        ; 16 LEs               ; 64 LEs                 ; Yes        ; |traffic_splitter|ctr_reg[10]         ;
; 17:1               ; 5 bits    ; 55 LEs        ; 25 LEs               ; 30 LEs                 ; Yes        ; |traffic_splitter|ctr_reg[3]          ;
; 19:1               ; 2 bits    ; 24 LEs        ; 12 LEs               ; 12 LEs                 ; Yes        ; |traffic_splitter|ctr_reg[2]          ;
; 6:1                ; 2 bits    ; 8 LEs         ; 8 LEs                ; 0 LEs                  ; No         ; |traffic_splitter|Mux9                ;
; 12:1               ; 3 bits    ; 24 LEs        ; 9 LEs                ; 15 LEs                 ; No         ; |traffic_splitter|state_reg           ;
; 13:1               ; 2 bits    ; 16 LEs        ; 4 LEs                ; 12 LEs                 ; No         ; |traffic_splitter|state_reg           ;
; 14:1               ; 2 bits    ; 18 LEs        ; 4 LEs                ; 14 LEs                 ; No         ; |traffic_splitter|state_reg           ;
+--------------------+-----------+---------------+----------------------+------------------------+------------+---------------------------------------+


+------------------------------------------------------+
; Parameter Settings for User Entity Instance: crc:CRC ;
+----------------+-------+-----------------------------+
; Parameter Name ; Value ; Type                        ;
+----------------+-------+-----------------------------+
; bit_count      ; 32    ; Signed Integer              ;
+----------------+-------+-----------------------------+
Note: In order to hide this table in the UI and the text report file, please set the "Show Parameter Settings in Synthesis Report" option in "Analysis and Synthesis Settings -> More Settings" to "Off".


+------------------------------------------------------+
; Port Connectivity Checks: "crc:CRC"                  ;
+--------------------+-------+----------+--------------+
; Port               ; Type  ; Severity ; Details      ;
+--------------------+-------+----------+--------------+
; i_polynome[23..22] ; Input ; Info     ; Stuck at VCC ;
; i_polynome[12..10] ; Input ; Info     ; Stuck at VCC ;
; i_polynome[8..7]   ; Input ; Info     ; Stuck at VCC ;
; i_polynome[5..4]   ; Input ; Info     ; Stuck at VCC ;
; i_polynome[2..0]   ; Input ; Info     ; Stuck at VCC ;
; i_polynome[31..27] ; Input ; Info     ; Stuck at GND ;
; i_polynome[25..24] ; Input ; Info     ; Stuck at GND ;
; i_polynome[21..17] ; Input ; Info     ; Stuck at GND ;
; i_polynome[15..13] ; Input ; Info     ; Stuck at GND ;
; i_polynome[32]     ; Input ; Info     ; Stuck at VCC ;
; i_polynome[26]     ; Input ; Info     ; Stuck at VCC ;
; i_polynome[16]     ; Input ; Info     ; Stuck at VCC ;
; i_polynome[9]      ; Input ; Info     ; Stuck at GND ;
; i_polynome[6]      ; Input ; Info     ; Stuck at GND ;
; i_polynome[3]      ; Input ; Info     ; Stuck at GND ;
+--------------------+-------+----------+--------------+


+-----------------------------------------------------+
; Post-Synthesis Netlist Statistics for Top Partition ;
+-----------------------+-----------------------------+
; Type                  ; Count                       ;
+-----------------------+-----------------------------+
; arriav_ff             ; 12237                       ;
;     CLR               ; 30                          ;
;     ENA CLR           ; 12167                       ;
;     ENA CLR SCLR      ; 40                          ;
; arriav_lcell_comb     ; 6800                        ;
;     arith             ; 44                          ;
;         1 data inputs ; 43                          ;
;         2 data inputs ; 1                           ;
;     extend            ; 209                         ;
;         7 data inputs ; 209                         ;
;     normal            ; 6547                        ;
;         1 data inputs ; 1                           ;
;         2 data inputs ; 31                          ;
;         3 data inputs ; 18                          ;
;         4 data inputs ; 1534                        ;
;         5 data inputs ; 140                         ;
;         6 data inputs ; 4823                        ;
; boundary_port         ; 18                          ;
;                       ;                             ;
; Max LUT depth         ; 8.50                        ;
; Average LUT depth     ; 6.22                        ;
+-----------------------+-----------------------------+


+-------------------------------+
; Elapsed Time Per Partition    ;
+----------------+--------------+
; Partition Name ; Elapsed Time ;
+----------------+--------------+
; Top            ; 00:00:09     ;
+----------------+--------------+


+-------------------------------+
; Analysis & Synthesis Messages ;
+-------------------------------+
Info: *******************************************************************
Info: Running Quartus Prime Analysis & Synthesis
    Info: Version 21.1.1 Build 850 06/23/2022 SJ Lite Edition
    Info: Processing started: Mon Dec 18 21:35:17 2023
Info: Command: quartus_map --read_settings_files=on --write_settings_files=off main -c main
Warning (18236): Number of processors has not been specified which may cause overloading on shared machines.  Set the global assignment NUM_PARALLEL_PROCESSORS in your QSF to an appropriate value for best performance.
Info (20032): Parallel compilation is enabled and will use up to 12 processors
Warning (20031): Parallel compilation is enabled for 12 processors, but there are only 8 processors in the system. Runtime may increase due to over usage of the processor space.
Info (12021): Found 2 design units, including 0 entities, in source file /dpes-l3/pkg/util_pkg.vhd
    Info (12022): Found design unit 1: util_pkg File: C:/DPES-L3/pkg/util_pkg.vhd Line: 5
    Info (12022): Found design unit 2: util_pkg-body File: C:/DPES-L3/pkg/util_pkg.vhd Line: 348
Info (12021): Found 2 design units, including 1 entities, in source file /dpes-l3/src/traffic_splitter.vhd
    Info (12022): Found design unit 1: traffic_splitter-RTL File: C:/DPES-L3/src/traffic_splitter.vhd Line: 19
    Info (12023): Found entity 1: traffic_splitter File: C:/DPES-L3/src/traffic_splitter.vhd Line: 9
Info (12021): Found 2 design units, including 1 entities, in source file /dpes-l3/src/crc.vhd
    Info (12022): Found design unit 1: crc-RTL File: C:/DPES-L3/src/crc.vhd Line: 27
    Info (12023): Found entity 1: crc File: C:/DPES-L3/src/crc.vhd Line: 9
Info (12127): Elaborating entity "traffic_splitter" for the top level hierarchy
Info (12128): Elaborating entity "crc" for hierarchy "crc:CRC" File: C:/DPES-L3/src/traffic_splitter.vhd Line: 105
Info (286030): Timing-Driven Synthesis is running
Info (16010): Generating hard_block partition "hard_block:auto_generated_inst"
    Info (16011): Adding 0 node(s), including 0 DDIO, 0 PLL, 0 transceiver and 0 LCELL
Info (21057): Implemented 18988 device resources after synthesis - the final resource count might be different
    Info (21058): Implemented 2 input pins
    Info (21059): Implemented 16 output pins
    Info (21061): Implemented 18970 logic cells
Info: Quartus Prime Analysis & Synthesis was successful. 0 errors, 2 warnings
    Info: Peak virtual memory: 5043 megabytes
    Info: Processing ended: Mon Dec 18 21:35:35 2023
    Info: Elapsed time: 00:00:18
    Info: Total CPU time (on all processors): 00:00:50


